d:\project\git\guardcoop\x64\debug\vc140.pdb
d:\project\git\guardcoop\x64\debug\moc_propertyemployeeedit.obj
d:\project\git\guardcoop\x64\debug\moc_propertyemployee.obj
d:\project\git\guardcoop\x64\debug\moc_propertydetail.obj
d:\project\git\guardcoop\x64\debug\moc_login.obj
d:\project\git\guardcoop\x64\debug\moc_guardpositionedit.obj
d:\project\git\guardcoop\x64\debug\moc_guardedit.obj
d:\project\git\guardcoop\x64\debug\moc_guarddetailinfo.obj
d:\project\git\guardcoop\x64\debug\moc_guardcompanyedit.obj
d:\project\git\guardcoop\x64\debug\moc_guardcompany.obj
d:\project\git\guardcoop\x64\debug\moc_guard.obj
d:\project\git\guardcoop\x64\debug\moc_carinsure.obj
d:\project\git\guardcoop\x64\debug\moc_caredit.obj
d:\project\git\guardcoop\x64\debug\moc_cardetail.obj
d:\project\git\guardcoop\x64\debug\moc_car.obj
d:\project\git\guardcoop\x64\debug\changepwd.obj
d:\project\git\guardcoop\x64\debug\carmaintain.obj
d:\project\git\guardcoop\x64\debug\carinsure.obj
d:\project\git\guardcoop\x64\debug\caredit.obj
d:\project\git\guardcoop\x64\debug\cardetail.obj
d:\project\git\guardcoop\x64\debug\car.obj
d:\project\git\guardcoop\x64\debug\connect2db.obj
d:\project\git\guardcoop\x64\debug\textwidget.obj
d:\project\git\guardcoop\x64\debug\pubfunc.obj
d:\project\git\guardcoop\x64\debug\propertytooldetail.obj
d:\project\git\guardcoop\x64\debug\propertytool.obj
d:\project\git\guardcoop\x64\debug\propertyloanedit.obj
d:\project\git\guardcoop\x64\debug\propertyloan.obj
d:\project\git\guardcoop\x64\debug\propertyemployeeedit.obj
d:\project\git\guardcoop\x64\debug\propertyemployee.obj
d:\project\git\guardcoop\x64\debug\propertyemployeeselect.obj
d:\project\git\guardcoop\x64\debug\propertyemployeeloandetail.obj
d:\project\git\guardcoop\x64\debug\propertydetail.obj
d:\project\git\guardcoop\x64\debug\moc_register.obj
d:\project\git\guardcoop\x64\debug\moc_propertytooledit.obj
d:\project\git\guardcoop\x64\debug\moc_propertytooldetail.obj
d:\project\git\guardcoop\x64\debug\moc_propertytool.obj
d:\project\git\guardcoop\x64\debug\moc_propertyloanedit.obj
d:\project\git\guardcoop\x64\debug\moc_propertyloan.obj
d:\project\git\guardcoop\x64\debug\moc_propertyemployeeselect.obj
d:\project\git\guardcoop\x64\debug\moc_propertyemployeeloandetail.obj
d:\project\git\guardcoop\x64\debug\errorproc.obj
d:\project\git\guardcoop\x64\debug\phonebookedit.obj
d:\project\git\guardcoop\x64\debug\phonebook.obj
d:\project\git\guardcoop\x64\debug\modtextinfo.obj
d:\project\git\guardcoop\x64\debug\guardposition.obj
d:\project\git\guardcoop\x64\debug\mainwindow.obj
d:\project\git\guardcoop\x64\debug\guard.obj
d:\project\git\guardcoop\x64\debug\guardpositionedit.obj
d:\project\git\guardcoop\x64\debug\guardedit.obj
d:\project\git\guardcoop\x64\debug\guarddetailinfo.obj
d:\project\git\guardcoop\x64\debug\guardcompany.obj
d:\project\git\guardcoop\x64\debug\guardcompanyedit.obj
d:\project\git\guardcoop\x64\debug\moc_ui_registerdialog.obj
d:\project\git\guardcoop\x64\debug\moc_textwidget.obj
d:\project\git\guardcoop\x64\debug\moc_phonebookedit.obj
d:\project\git\guardcoop\x64\debug\moc_phonebook.obj
d:\project\git\guardcoop\x64\debug\moc_modtextinfo.obj
d:\project\git\guardcoop\x64\debug\moc_mainwindow.obj
d:\project\git\guardcoop\x64\debug\moc_guardposition.obj
d:\project\git\guardcoop\x64\debug\moc_changepwd.obj
d:\project\git\guardcoop\x64\debug\propertytooledit.obj
d:\project\git\guardcoop\x64\debug\register.obj
d:\project\git\guardcoop\x64\debug\login.obj
d:\project\git\guardcoop\x64\debug\infocheck.obj
d:\project\git\guardcoop\x64\debug\moc_carmaintain.obj
d:\project\git\guardcoop\generatedfiles\ui_logindialog.h
d:\project\git\guardcoop\generatedfiles\debug\moc_propertyemployeeloandetail.cpp
d:\project\git\guardcoop\generatedfiles\debug\moc_caredit.cpp
d:\project\git\guardcoop\generatedfiles\debug\moc_carinsure.cpp
d:\project\git\guardcoop\generatedfiles\debug\moc_propertyemployeeselect.cpp
d:\project\git\guardcoop\generatedfiles\debug\moc_phonebookedit.cpp
d:\project\git\guardcoop\generatedfiles\debug\moc_guardposition.cpp
d:\project\git\guardcoop\generatedfiles\debug\moc_phonebook.cpp
d:\project\git\guardcoop\generatedfiles\debug\moc_modtextinfo.cpp
d:\project\git\guardcoop\generatedfiles\debug\moc_textwidget.cpp
d:\project\git\guardcoop\generatedfiles\debug\moc_changepwd.cpp
d:\project\git\guardcoop\generatedfiles\debug\moc_mainwindow.cpp
d:\project\git\guardcoop\generatedfiles\debug\moc_guardpositionedit.cpp
d:\project\git\guardcoop\generatedfiles\debug\moc_register.cpp
d:\project\git\guardcoop\generatedfiles\debug\moc_login.cpp
d:\project\git\guardcoop\generatedfiles\ui_registerdialog.h
d:\project\git\guardcoop\generatedfiles\ui_main.h
d:\project\git\guardcoop\generatedfiles\ui_textwidget.h
d:\project\git\guardcoop\generatedfiles\ui_modtextinfo.h
d:\project\git\guardcoop\generatedfiles\ui_phonebook.h
d:\project\git\guardcoop\generatedfiles\ui_phonebookeditdiag.h
d:\project\git\guardcoop\generatedfiles\ui_tablewidget.h
d:\project\git\guardcoop\generatedfiles\ui_guardeditdiag.h
d:\project\git\guardcoop\generatedfiles\ui_guarddetailinfodiag.h
d:\project\git\guardcoop\generatedfiles\ui_guardcompanyeditdiag.h
d:\project\git\guardcoop\generatedfiles\ui_mapwidget.h
d:\project\git\guardcoop\generatedfiles\ui_guardpositiondiag.h
d:\project\git\guardcoop\generatedfiles\ui_changepwddiag.h
d:\project\git\guardcoop\generatedfiles\ui_propertyedit.h
d:\project\git\guardcoop\generatedfiles\ui_propertydetailinfo.h
d:\project\git\guardcoop\generatedfiles\ui_tooledit.h
d:\project\git\guardcoop\generatedfiles\ui_propertytooldetail.h
d:\project\git\guardcoop\generatedfiles\ui_propertyloanedit.h
d:\project\git\guardcoop\generatedfiles\ui_smalltable.h
d:\project\git\guardcoop\generatedfiles\ui_cardetail.h
d:\project\git\guardcoop\generatedfiles\debug\moc_ui_registerdialog.cpp
d:\project\git\guardcoop\generatedfiles\debug\moc_propertyloanedit.cpp
d:\project\git\guardcoop\generatedfiles\debug\moc_propertyloan.cpp
d:\project\git\guardcoop\generatedfiles\debug\moc_guard.cpp
d:\project\git\guardcoop\generatedfiles\debug\moc_guardedit.cpp
d:\project\git\guardcoop\generatedfiles\debug\moc_guarddetailinfo.cpp
d:\project\git\guardcoop\generatedfiles\debug\moc_guardcompany.cpp
d:\project\git\guardcoop\generatedfiles\debug\moc_guardcompanyedit.cpp
d:\project\git\guardcoop\generatedfiles\debug\moc_propertyemployeeedit.cpp
d:\project\git\guardcoop\generatedfiles\debug\moc_propertyemployee.cpp
d:\project\git\guardcoop\generatedfiles\debug\moc_propertydetail.cpp
d:\project\git\guardcoop\generatedfiles\debug\moc_propertytooldetail.cpp
d:\project\git\guardcoop\generatedfiles\debug\moc_propertytooledit.cpp
d:\project\git\guardcoop\generatedfiles\debug\moc_propertytool.cpp
d:\project\git\guardcoop\generatedfiles\debug\moc_car.cpp
d:\project\git\guardcoop\generatedfiles\debug\moc_carmaintain.cpp
d:\project\git\guardcoop\generatedfiles\debug\moc_cardetail.cpp
d:\project\git\guardcoop\generatedfiles\ui_cartable.h
d:\project\git\guardcoop\generatedfiles\ui_caredit.h
d:\project\git\guardcoop\generatedfiles\ui_carinsure.h
d:\project\git\guardcoop\generatedfiles\ui_carmaintain.h
d:\project\git\guardcoop\debug\guardcoopsys.ilk
d:\project\git\guardcoop\debug\guardcoopsys.exe
d:\project\git\guardcoop\debug\guardcoopsys.pdb
d:\project\git\guardcoop\x64\debug\guardcoopsys.tlog\cl.command.1.tlog
d:\project\git\guardcoop\x64\debug\guardcoopsys.tlog\cl.read.1.tlog
d:\project\git\guardcoop\x64\debug\guardcoopsys.tlog\cl.write.1.tlog
d:\project\git\guardcoop\x64\debug\guardcoopsys.tlog\custombuild.command.1.tlog
d:\project\git\guardcoop\x64\debug\guardcoopsys.tlog\custombuild.read.1.tlog
d:\project\git\guardcoop\x64\debug\guardcoopsys.tlog\custombuild.write.1.tlog
d:\project\git\guardcoop\x64\debug\guardcoopsys.tlog\link.command.1.tlog
d:\project\git\guardcoop\x64\debug\guardcoopsys.tlog\link.read.1.tlog
d:\project\git\guardcoop\x64\debug\guardcoopsys.tlog\link.write.1.tlog
