  Uic'ing LogInDialog.ui...
D:\Project\git\GuardCoop\LogInDialog.ui : warning : The name 'layoutWidget' (QWidget) is already in use, defaulting to 'layoutWidget1'.
D:\Project\git\GuardCoop\LogInDialog.ui : warning : The name 'layoutWidget' (QWidget) is already in use, defaulting to 'layoutWidget2'.
D:\Project\git\GuardCoop\LogInDialog.ui : warning : The name 'layoutWidget' (QWidget) is already in use, defaulting to 'layoutWidget3'.
  Moc'ing MapWidget.h...
  Moc'ing PhoneBook.h...
  Moc'ing ModTextInfo.h...
  Moc'ing CompanyWidget.h...
  Moc'ing AddPhoneBook.h...
  Moc'ing MainWindow.h...
  Moc'ing GuardWidget.h...
  Moc'ing GuardEditDiag.h...
  Moc'ing GuardDetailInfoDiag.h...
  Moc'ing GuardCompanyWidget.h...
  Moc'ing GuardCompanyEditDiag.h...
  Moc'ing GuardPositionEditDiag.h...
  Moc'ing RegisterDialog.h...
  Moc'ing LogInDialog.h...
  Uic'ing RegisterDialog.ui...
  Uic'ing Main.ui...
D:\Project\git\GuardCoop\Main.ui : warning : The name 'layoutWidget' (QWidget) is already in use, defaulting to 'layoutWidget1'.
D:\Project\git\GuardCoop\Main.ui : warning : The name 'layoutWidget' (QWidget) is already in use, defaulting to 'layoutWidget2'.
D:\Project\git\GuardCoop\Main.ui : warning : The name 'layoutWidget' (QWidget) is already in use, defaulting to 'layoutWidget3'.
  Uic'ing CompanyWidget.ui...
  Uic'ing ModTextInfo.ui...
  Uic'ing PhoneBook.ui...
D:\Project\git\GuardCoop\PhoneBook.ui : warning : The name 'layoutWidget' (QWidget) is already in use, defaulting to 'layoutWidget1'.
D:\Project\git\GuardCoop\PhoneBook.ui : warning : The name 'layoutWidget' (QWidget) is already in use, defaulting to 'layoutWidget2'.
  Uic'ing AddPhoneBookDiag.ui...
  Uic'ing GuardWidget.ui...
  Uic'ing GuardEditDiag.ui...
  Uic'ing GuardDetailInfoDiag.ui...
D:\Project\git\GuardCoop\GuardDetailInfoDiag.ui : warning : The name 'layoutWidget' (QWidget) is already in use, defaulting to 'layoutWidget1'.
  Uic'ing GuardCompanyEditDiag.ui...
  Uic'ing MapWidget.ui...
  Uic'ing GuardPositionDiag.ui...
  Moc'ing ui_RegisterDialog.h...
  D:\Project\git\GuardCoop\GeneratedFiles\ui_RegisterDialog.h(0): Note: No relevant classes found. No output generated.
  AddPhoneBook.cpp
  CompanyWidget.cpp
  Connect2DB.cpp
  moc_AddPhoneBook.cpp
  moc_CompanyWidget.cpp
  moc_GuardCompanyEditDiag.cpp
  moc_GuardCompanyWidget.cpp
  moc_GuardDetailInfoDiag.cpp
  moc_GuardEditDiag.cpp
  moc_GuardPositionEditDiag.cpp
  moc_GuardWidget.cpp
  moc_LogInDialog.cpp
  moc_MainWindow.cpp
  moc_MapWidget.cpp
  moc_ModTextInfo.cpp
  moc_PhoneBook.cpp
  moc_RegisterDialog.cpp
  moc_ui_RegisterDialog.cpp
  GuardCompanyEditDiag.cpp
  GuardCompanyWidget.cpp
  正在生成代码...
  正在编译...
  GuardDetailInfoDiag.cpp
  GuardEditDiag.cpp
  GuardPositionEditDiag.cpp
  GuardWidget.cpp
  MainWindow.cpp
  MapWidget.cpp
  ModTextInfo.cpp
  PhoneBook.cpp
  ErrorProc.cpp
  InfoCheck.cpp
  LogInDialog.cpp
  RegisterDialog.cpp
  正在生成代码...
  GuardCoopSys.vcxproj -> D:\Project\git\GuardCoop\debug\GuardCoopSys.exe
  GuardCoopSys.vcxproj -> debug\GuardCoopSys.pdb (Full PDB)
